<?xml version="1.0" encoding="UTF-8"?>
<!-- Generated by org.testng.reporters.JUnitReportReporter -->
<testsuite hostname="DESKTOP-Q2S0T4Q" failures="0" tests="1" name="BatchExcutaion.DemoWebApp_Assingment" time="41.353" errors="0" timestamp="19 Apr 2024 12:17:32 GMT" skipped="0">
  <testcase classname="BatchExcutaion.DemoWebApp_Assingment" name="DemoWeb" time="41.353"/>
</testsuite> <!-- BatchExcutaion.DemoWebApp_Assingment -->
