<?xml version="1.0" encoding="UTF-8"?>
<!-- Generated by org.testng.reporters.JUnitReportReporter -->
<testsuite hostname="DESKTOP-Q2S0T4Q" failures="0" tests="1" name="BatchExcutaion.Netflix_Assignment_Xpath_Locatros" time="29.006" errors="0" timestamp="19 Apr 2024 12:17:32 GMT" skipped="0">
  <testcase classname="BatchExcutaion.Netflix_Assignment_Xpath_Locatros" name="netflix" time="29.006"/>
</testsuite> <!-- BatchExcutaion.Netflix_Assignment_Xpath_Locatros -->
