<?xml version="1.0" encoding="UTF-8"?>
<!-- Generated by org.testng.reporters.JUnitReportReporter -->
<testsuite hostname="DESKTOP-Q2S0T4Q" failures="0" tests="1" name="BatchExcutaion.Facebook_Account_Create_Assignment" time="6.091" errors="0" timestamp="19 Apr 2024 12:17:33 GMT" skipped="0">
  <testcase classname="BatchExcutaion.Facebook_Account_Create_Assignment" name="FacebookAccount" time="6.091"/>
</testsuite> <!-- BatchExcutaion.Facebook_Account_Create_Assignment -->
