<?xml version="1.0" encoding="UTF-8"?>
<!-- Generated by org.testng.reporters.JUnitReportReporter -->
<testsuite hostname="DESKTOP-Q2S0T4Q" failures="0" tests="1" name="testng.tttt" time="0.019" errors="0" timestamp="18 Apr 2024 04:53:00 GMT" skipped="0">
  <testcase classname="testng.tttt" name="raj" time="0.019"/>
</testsuite> <!-- testng.tttt -->
