<?xml version="1.0" encoding="UTF-8"?>
<!-- Generated by org.testng.reporters.JUnitReportReporter -->
<testsuite hostname="DESKTOP-Q2S0T4Q" failures="0" tests="1" name="BatchExcutaion.Naukri_Com_Assignment" time="11.751" errors="0" timestamp="19 Apr 2024 12:17:32 GMT" skipped="0">
  <testcase classname="BatchExcutaion.Naukri_Com_Assignment" name="naukri" time="11.751"/>
</testsuite> <!-- BatchExcutaion.Naukri_Com_Assignment -->
