<?xml version="1.0" encoding="UTF-8"?>
<!-- Generated by org.testng.reporters.JUnitReportReporter -->
<testsuite hostname="DESKTOP-Q2S0T4Q" failures="0" tests="13" name="TestNg.First_TestNg_Class" time="0.032" errors="0" timestamp="18 Apr 2024 13:52:00 GMT" skipped="0">
  <testcase classname="TestNg.First_TestNg_Class" name="registerTestScript1" time="0.012"/>
  <testcase classname="TestNg.First_TestNg_Class" name="registerTestScript1" time="0.004"/>
  <testcase classname="TestNg.First_TestNg_Class" name="registerTestScript1" time="0.001"/>
  <testcase classname="TestNg.First_TestNg_Class" name="registerTestScript1" time="0.001"/>
  <testcase classname="TestNg.First_TestNg_Class" name="registerTestScript1" time="0.001"/>
  <testcase classname="TestNg.First_TestNg_Class" name="registerTestScript1" time="0.001"/>
  <testcase classname="TestNg.First_TestNg_Class" name="registerTestScript1" time="0.003"/>
  <testcase classname="TestNg.First_TestNg_Class" name="registerTestScript1" time="0.001"/>
  <testcase classname="TestNg.First_TestNg_Class" name="registerTestScript1" time="0.002"/>
  <testcase classname="TestNg.First_TestNg_Class" name="registerTestScript1" time="0.002"/>
  <testcase classname="TestNg.First_TestNg_Class" name="loginTestScript1" time="0.002"/>
  <testcase classname="TestNg.First_TestNg_Class" name="addToCartTestScript1" time="0.000"/>
  <testcase classname="TestNg.First_TestNg_Class" name="logOutTestScript1" time="0.002"/>
</testsuite> <!-- TestNg.First_TestNg_Class -->
