<?xml version="1.0" encoding="UTF-8"?>
<!-- Generated by org.testng.reporters.JUnitReportReporter -->
<testsuite hostname="DESKTOP-Q2S0T4Q" failures="0" tests="1" name="BatchExcutaion.Myntra_Assingment" time="26.961" errors="0" timestamp="19 Apr 2024 12:17:32 GMT" skipped="0">
  <testcase classname="BatchExcutaion.Myntra_Assingment" name="myntra" time="26.961"/>
</testsuite> <!-- BatchExcutaion.Myntra_Assingment -->
