<?xml version="1.0" encoding="UTF-8"?>
<!-- Generated by org.testng.reporters.JUnitReportReporter -->
<testsuite hostname="DESKTOP-Q2S0T4Q" failures="0" tests="1" name="BatchExcutaion.GetSize_method" time="12.011" errors="0" timestamp="19 Apr 2024 12:17:32 GMT" skipped="0">
  <testcase classname="BatchExcutaion.GetSize_method" name="getSize" time="12.011"/>
</testsuite> <!-- BatchExcutaion.GetSize_method -->
