<?xml version="1.0" encoding="UTF-8"?>
<!-- Generated by org.testng.reporters.JUnitReportReporter -->
<testsuite hostname="DESKTOP-Q2S0T4Q" failures="0" tests="1" name="BatchExcutaion.airvistara_Assignment" time="10.459" errors="0" timestamp="19 Apr 2024 12:17:33 GMT" skipped="0">
  <testcase classname="BatchExcutaion.airvistara_Assignment" name="Air" time="10.459"/>
</testsuite> <!-- BatchExcutaion.airvistara_Assignment -->
