<?xml version="1.0" encoding="UTF-8"?>
<!-- Generated by org.testng.reporters.JUnitReportReporter -->
<testsuite hostname="DESKTOP-Q2S0T4Q" failures="0" tests="1" name="BatchExcutaion.SetDimension_SetPosition_Method" time="7.191" errors="0" timestamp="19 Apr 2024 12:17:33 GMT" skipped="0">
  <testcase classname="BatchExcutaion.SetDimension_SetPosition_Method" name="setDimension" time="7.191"/>
</testsuite> <!-- BatchExcutaion.SetDimension_SetPosition_Method -->
