<?xml version="1.0" encoding="UTF-8"?>
<!-- Generated by org.testng.reporters.JUnitReportReporter -->
<testsuite hostname="DESKTOP-Q2S0T4Q" failures="0" tests="1" name="BatchExcutaion.Demo_Web_Shop_Locators" time="12.045" errors="0" timestamp="19 Apr 2024 12:17:32 GMT" skipped="0">
  <testcase classname="BatchExcutaion.Demo_Web_Shop_Locators" name="Demo" time="12.045"/>
</testsuite> <!-- BatchExcutaion.Demo_Web_Shop_Locators -->
