<?xml version="1.0" encoding="UTF-8"?>
<!-- Generated by org.testng.reporters.JUnitReportReporter -->
<testsuite hostname="DESKTOP-Q2S0T4Q" failures="0" tests="1" name="BatchExcutaion.Paytm" time="10.453" errors="0" timestamp="19 Apr 2024 12:17:32 GMT" skipped="0">
  <testcase classname="BatchExcutaion.Paytm" name="paytm" time="10.453"/>
</testsuite> <!-- BatchExcutaion.Paytm -->
