<?xml version="1.0" encoding="UTF-8"?>
<!-- Generated by org.testng.reporters.JUnitReportReporter -->
<testsuite hostname="DESKTOP-Q2S0T4Q" failures="0" tests="2" name="TestNg.Actitime" time="2.728" errors="0" timestamp="20 Apr 2024 05:39:03 GMT" skipped="0">
  <testcase classname="TestNg.Actitime" name="loginTestScript" time="0.734"/>
  <testcase classname="TestNg.Actitime" name="createuserTestScript" time="1.994"/>
</testsuite> <!-- TestNg.Actitime -->
